# JRE version: OpenJDK Runtime Environment (8.0_202-b03) (build 1.8.0_202-release-1483-b03)
# Java VM: OpenJDK 64-Bit Server VM (25.202-b03 mixed mode windows-amd64 compressed oops)
Heap:
 PSYoungGen      total 501760K, used 436989K [0x00000000e0000000, 0x00000000ffe80000, 0x0000000100000000)
  eden space 481792K, 88% used [0x00000000e0000000,0x00000000f9fdbea8,0x00000000fd680000)
  from space 19968K, 55% used [0x00000000feb00000,0x00000000ff5e35c0,0x00000000ffe80000)
  to   space 20480K, 0% used [0x00000000fd680000,0x00000000fd680000,0x00000000fea80000)
 ParOldGen       total 162304K, used 115804K [0x00000000a0000000, 0x00000000a9e80000, 0x00000000e0000000)
  object space 162304K, 71% used [0x00000000a0000000,0x00000000a7117278,0x00000000a9e80000)
 Metaspace       used 104378K, capacity 110026K, committed 110080K, reserved 1144832K
  class space    used 12998K, capacity 14039K, committed 14080K, reserved 1048576K
GC Heap History (10 events):
Event: 1451.001 GC heap before
{Heap before GC invocations=38 (full 4):
 PSYoungGen      total 482816K, used 466336K [0x00000000e0000000, 0x0000000100000000, 0x0000000100000000)
  eden space 459776K, 100% used [0x00000000e0000000,0x00000000fc100000,0x00000000fc100000)
  from space 23040K, 28% used [0x00000000fc100000,0x00000000fc768040,0x00000000fd780000)
  to   space 23040K, 0% used [0x00000000fe980000,0x00000000fe980000,0x0000000100000000)
 ParOldGen       total 162304K, used 97796K [0x00000000a0000000, 0x00000000a9e80000, 0x00000000e0000000)
  object space 162304K, 60% used [0x00000000a0000000,0x00000000a5f81010,0x00000000a9e80000)
 Metaspace       used 99003K, capacity 103068K, committed 103296K, reserved 1138688K
  class space    used 12373K, capacity 13177K, committed 13184K, reserved 1048576K
Event: 1451.090 GC heap after
Heap after GC invocations=38 (full 4):
 PSYoungGen      total 499200K, used 11521K [0x00000000e0000000, 0x00000000ffe00000, 0x0000000100000000)
  eden space 478208K, 0% used [0x00000000e0000000,0x00000000e0000000,0x00000000fd300000)
  from space 20992K, 54% used [0x00000000fe980000,0x00000000ff4c0548,0x00000000ffe00000)
  to   space 22016K, 0% used [0x00000000fd300000,0x00000000fd300000,0x00000000fe880000)
 ParOldGen       total 162304K, used 103344K [0x00000000a0000000, 0x00000000a9e80000, 0x00000000e0000000)
  object space 162304K, 63% used [0x00000000a0000000,0x00000000a64ec060,0x00000000a9e80000)
 Metaspace       used 99003K, capacity 103068K, committed 103296K, reserved 1138688K
  class space    used 12373K, capacity 13177K, committed 13184K, reserved 1048576K
}
Event: 1692.518 GC heap before
{Heap before GC invocations=39 (full 4):
 PSYoungGen      total 499200K, used 489729K [0x00000000e0000000, 0x00000000ffe00000, 0x0000000100000000)
  eden space 478208K, 100% used [0x00000000e0000000,0x00000000fd300000,0x00000000fd300000)
  from space 20992K, 54% used [0x00000000fe980000,0x00000000ff4c0548,0x00000000ffe00000)
  to   space 22016K, 0% used [0x00000000fd300000,0x00000000fd300000,0x00000000fe880000)
 ParOldGen       total 162304K, used 103344K [0x00000000a0000000, 0x00000000a9e80000, 0x00000000e0000000)
  object space 162304K, 63% used [0x00000000a0000000,0x00000000a64ec060,0x00000000a9e80000)
 Metaspace       used 101289K, capacity 105614K, committed 105728K, reserved 1140736K
  class space    used 12680K, capacity 13518K, committed 13568K, reserved 1048576K
Event: 1692.563 GC heap after
Heap after GC invocations=39 (full 4):
 PSYoungGen      total 500224K, used 5220K [0x00000000e0000000, 0x0000000100000000, 0x0000000100000000)
  eden space 478208K, 0% used [0x00000000e0000000,0x00000000e0000000,0x00000000fd300000)
  from space 22016K, 23% used [0x00000000fd300000,0x00000000fd819210,0x00000000fe880000)
  to   space 22016K, 0% used [0x00000000fea80000,0x00000000fea80000,0x0000000100000000)
 ParOldGen       total 162304K, used 110932K [0x00000000a0000000, 0x00000000a9e80000, 0x00000000e0000000)
  object space 162304K, 68% used [0x00000000a0000000,0x00000000a6c550a0,0x00000000a9e80000)
 Metaspace       used 101289K, capacity 105614K, committed 105728K, reserved 1140736K
  class space    used 12680K, capacity 13518K, committed 13568K, reserved 1048576K
}
Event: 2021.603 GC heap before
{Heap before GC invocations=40 (full 4):
 PSYoungGen      total 500224K, used 483428K [0x00000000e0000000, 0x0000000100000000, 0x0000000100000000)
  eden space 478208K, 100% used [0x00000000e0000000,0x00000000fd300000,0x00000000fd300000)
  from space 22016K, 23% used [0x00000000fd300000,0x00000000fd819210,0x00000000fe880000)
  to   space 22016K, 0% used [0x00000000fea80000,0x00000000fea80000,0x0000000100000000)
 ParOldGen       total 162304K, used 110932K [0x00000000a0000000, 0x00000000a9e80000, 0x00000000e0000000)
  object space 162304K, 68% used [0x00000000a0000000,0x00000000a6c550a0,0x00000000a9e80000)
 Metaspace       used 102365K, capacity 106940K, committed 107136K, reserved 1142784K
  class space    used 12774K, capacity 13625K, committed 13696K, reserved 1048576K
Event: 2021.664 GC heap after
Heap after GC invocations=40 (full 4):
 PSYoungGen      total 500224K, used 9617K [0x00000000e0000000, 0x00000000ffe00000, 0x0000000100000000)
  eden space 480256K, 0% used [0x00000000e0000000,0x00000000e0000000,0x00000000fd500000)
  from space 19968K, 48% used [0x00000000fea80000,0x00000000ff3e4490,0x00000000ffe00000)
  to   space 20992K, 0% used [0x00000000fd500000,0x00000000fd500000,0x00000000fe980000)
 ParOldGen       total 162304K, used 113584K [0x00000000a0000000, 0x00000000a9e80000, 0x00000000e0000000)
  object space 162304K, 69% used [0x00000000a0000000,0x00000000a6eec1a0,0x00000000a9e80000)
 Metaspace       used 102365K, capacity 106940K, committed 107136K, reserved 1142784K
  class space    used 12774K, capacity 13625K, committed 13696K, reserved 1048576K
}
Event: 2414.259 GC heap before
{Heap before GC invocations=41 (full 4):
 PSYoungGen      total 500224K, used 489873K [0x00000000e0000000, 0x00000000ffe00000, 0x0000000100000000)
  eden space 480256K, 100% used [0x00000000e0000000,0x00000000fd500000,0x00000000fd500000)
  from space 19968K, 48% used [0x00000000fea80000,0x00000000ff3e4490,0x00000000ffe00000)
  to   space 20992K, 0% used [0x00000000fd500000,0x00000000fd500000,0x00000000fe980000)
 ParOldGen       total 162304K, used 113584K [0x00000000a0000000, 0x00000000a9e80000, 0x00000000e0000000)
  object space 162304K, 69% used [0x00000000a0000000,0x00000000a6eec1a0,0x00000000a9e80000)
 Metaspace       used 103904K, capacity 109374K, committed 109568K, reserved 1144832K
  class space    used 12961K, capacity 13973K, committed 14080K, reserved 1048576K
Event: 2414.307 GC heap after
Heap after GC invocations=41 (full 4):
 PSYoungGen      total 501248K, used 14900K [0x00000000e0000000, 0x0000000100000000, 0x0000000100000000)
  eden space 480256K, 0% used [0x00000000e0000000,0x00000000e0000000,0x00000000fd500000)
  from space 20992K, 70% used [0x00000000fd500000,0x00000000fe38d378,0x00000000fe980000)
  to   space 21504K, 0% used [0x00000000feb00000,0x00000000feb00000,0x0000000100000000)
 ParOldGen       total 162304K, used 114112K [0x00000000a0000000, 0x00000000a9e80000, 0x00000000e0000000)
  object space 162304K, 70% used [0x00000000a0000000,0x00000000a6f70228,0x00000000a9e80000)
 Metaspace       used 103904K, capacity 109374K, committed 109568K, reserved 1144832K
  class space    used 12961K, capacity 13973K, committed 14080K, reserved 1048576K
}
Event: 2767.127 GC heap before
{Heap before GC invocations=42 (full 4):
 PSYoungGen      total 501248K, used 495156K [0x00000000e0000000, 0x0000000100000000, 0x0000000100000000)
  eden space 480256K, 100% used [0x00000000e0000000,0x00000000fd500000,0x00000000fd500000)
  from space 20992K, 70% used [0x00000000fd500000,0x00000000fe38d378,0x00000000fe980000)
  to   space 21504K, 0% used [0x00000000feb00000,0x00000000feb00000,0x0000000100000000)
 ParOldGen       total 162304K, used 114112K [0x00000000a0000000, 0x00000000a9e80000, 0x00000000e0000000)
  object space 162304K, 70% used [0x00000000a0000000,0x00000000a6f70228,0x00000000a9e80000)
 Metaspace       used 104327K, capacity 110026K, committed 110080K, reserved 1144832K
  class space    used 12998K, capacity 14039K, committed 14080K, reserved 1048576K
Event: 2767.191 GC heap after
Heap after GC invocations=42 (full 4):
 PSYoungGen      total 501760K, used 11149K [0x00000000e0000000, 0x00000000ffe80000, 0x0000000100000000)
  eden space 481792K, 0% used [0x00000000e0000000,0x00000000e0000000,0x00000000fd680000)
  from space 19968K, 55% used [0x00000000feb00000,0x00000000ff5e35c0,0x00000000ffe80000)
  to   space 20480K, 0% used [0x00000000fd680000,0x00000000fd680000,0x00000000fea80000)
 ParOldGen       total 162304K, used 115804K [0x00000000a0000000, 0x00000000a9e80000, 0x00000000e0000000)
  object space 162304K, 71% used [0x00000000a0000000,0x00000000a7117278,0x00000000a9e80000)
 Metaspace       used 104327K, capacity 110026K, committed 110080K, reserved 1144832K
  class space    used 12998K, capacity 14039K, committed 14080K, reserved 1048576K
}

